C51 COMPILER V9.54   PROJECT                                                               02/01/2022 20:21:27 PAGE 1   


C51 COMPILER V9.54, COMPILATION OF MODULE PROJECT
OBJECT MODULE PLACED IN .\Objects\project.obj
COMPILER INVOKED BY: D:\Keil5\C51\BIN\C51.EXE project.c OPTIMIZE(8,SPEED) BROWSE DEBUG OBJECTEXTEND PRINT(.\Listings\pro
                    -ject.lst) OBJECT(.\Objects\project.obj)

line level    source

   1          /*串口发送汉字*/
   2          #include<reg52.h>
   3          
   4          typedef unsigned int uint;
   5          typedef unsigned char uchar;
   6          uchar words[2][20]={"你好","欢迎使用单片机！"};
   7          uint i;
   8          
   9          void delay(uint n){
  10   1              uint i,j;
  11   1              for(i=0;i<n;i++){
  12   2                      for(j=0;j<114;j++);
  13   2              }
  14   1      }       
  15          
  16          void uartInit(){
  17   1              TR1 = 1; //定时器1工作。
  18   1              TMOD |= 0x20;
  19   1              TH1 = 0xfd;
  20   1              TL1 = 0xfd; //波特率9600
  21   1              SM0 = 0;
  22   1              SM1 = 1; //串口选择工作模式
  23   1      }
  24          
  25          void ch_puts(uchar * str){
  26   1              while(*str!='\0'){
  27   2                      //一个一个的发送汉字
  28   2                      SBUF = *str;
  29   2                      while(!TI);//等待传送完毕。TI置1.
  30   2                      TI = 0;  //软件置零
  31   2                      *str++;
*** WARNING C275 IN LINE 31 OF project.c: expression with possibly no effect
  32   2              }
  33   1              *str = 0;
  34   1      }       
  35          int main(){
  36   1              uartInit();
  37   1              while(1){
  38   2                      for(i=0;i<2;i++){
  39   3                              //TI = 1;不先置TI为1，在puts的时候会进入死循环
  40   3                              //puts(words[i]); 
  41   3                              ch_puts(words[i]);
  42   3                              ch_puts("\r\n");
  43   3                              delay(1000);
  44   3                      }
  45   2              }       
  46   1      
  47   1      }


MODULE INFORMATION:   STATIC OVERLAYABLE
   CODE SIZE        =    131    ----
   CONSTANT SIZE    =      3    ----
   XDATA SIZE       =   ----    ----
C51 COMPILER V9.54   PROJECT                                                               02/01/2022 20:21:27 PAGE 2   

   PDATA SIZE       =   ----    ----
   DATA SIZE        =     42    ----
   IDATA SIZE       =   ----    ----
   BIT SIZE         =   ----    ----
END OF MODULE INFORMATION.


C51 COMPILATION COMPLETE.  1 WARNING(S),  0 ERROR(S)
