C51 COMPILER V9.54   TIMER                                                                 01/27/2022 14:27:02 PAGE 1   


C51 COMPILER V9.54, COMPILATION OF MODULE TIMER
OBJECT MODULE PLACED IN .\Objects\timer.obj
COMPILER INVOKED BY: D:\Keil5\C51\BIN\C51.EXE timer.c OPTIMIZE(8,SPEED) BROWSE DEBUG OBJECTEXTEND PRINT(.\Listings\timer
                    -.lst) OBJECT(.\Objects\timer.obj)

line level    source

   1          //数码管两位显示秒数。0-99
   2          //定时器运行一次50毫秒
   3          #include <reg52.h>
   4          
   5          typedef unsigned int uint;
   6          typedef unsigned char uchar;
   7          
   8          sbit WE = P2^7;
   9          sbit DU = P2^6;
  10          sbit key_s2 = P3^0; //按下这个键可以把定时器清零。
  11          sbit int_0 = P3^2;
  12          
  13          uchar ch[10] = {0x3f,0x06,0x5b,0x4f,0x66,0x6d,0x7d,0x07,0x7f,0x6f};
  14          uint sec=0,mSec=0;
  15          
  16          void delay(uint n){
  17   1              uint i,j;
  18   1              for(i=0;i<n;i++)
  19   1                      for(j=0;j<114;j++);
  20   1      }
  21          void display(uint num){
  22   1              uint shi;
  23   1              uint ge;
  24   1              shi = num / 10;
  25   1              ge = num % 10;
  26   1              
  27   1              P0 = 0xff;
  28   1              WE = 1;
  29   1              P0 = ~0x01;
  30   1              WE = 0;
  31   1              
  32   1              DU = 1;
  33   1              P0 = ch[shi];
  34   1              DU = 0;
  35   1              delay(10);
  36   1              
  37   1              P0 = 0xff;
  38   1              WE= 1;
  39   1              P0 = ~0x02;
  40   1              WE = 0;
  41   1              
  42   1              DU = 1;
  43   1              P0 = ch[ge];
  44   1              DU = 0;
  45   1              delay(10);
  46   1      }
  47          
  48          void timer0init(){
  49   1              EA=1;
  50   1              ET0 = 1; //定时器中断打开 IE寄存器
  51   1              IT0 = 0; //低电平触发。外部中断0
  52   1              TMOD = 0x01; //M1 = 0,M0 = 1即16位全开的定时器模式
  53   1              TR0 = 1;  //定时器0打开。 
  54   1              EX0 = 1; //外部中断0
C51 COMPILER V9.54   TIMER                                                                 01/27/2022 14:27:02 PAGE 2   

  55   1              TH0 = 0x4B;
  56   1              TL0 = 0xfd; //定时器初始值。到溢出需要50毫秒
  57   1      }
  58          
  59          void keyint()interrupt 0{
  60   1              //按下S2的时候，定时器清空为0，重新开始计时
  61   1              sec = 0;
  62   1              mSec = 0;
  63   1              TH0 = 0x4b;
  64   1              TL0 = 0xfd;
  65   1              while(!key_s2); //松手检测。
  66   1      }
  67          
  68          void timer0()interrupt 1{
  69   1              mSec++;  //说明已经经过了50ms
  70   1              //把TH0 TL0再次赋值
  71   1              TH0 = 0x4b;
  72   1              TL0 = 0xfd;
  73   1              if(20==mSec){
  74   2                      mSec = 0;
  75   2                      sec++;
  76   2              }
  77   1              if(sec>99)sec = 0;
  78   1      }
  79          void main(){
  80   1              timer0init(); //定时器初始化
  81   1              while(1){
  82   2                      int_0 = 1;
  83   2                      if(0==key_s2){
  84   3                              delay(20);
  85   3                              if(0==key_s2){
  86   4                                      int_0 = 0;
  87   4                                      //给外部中断0一个低电平。       
  88   4                              }
  89   3                      }
  90   2                      display(sec);
  91   2              }
  92   1      }


MODULE INFORMATION:   STATIC OVERLAYABLE
   CODE SIZE        =    248    ----
   CONSTANT SIZE    =   ----    ----
   XDATA SIZE       =   ----    ----
   PDATA SIZE       =   ----    ----
   DATA SIZE        =     14       2
   IDATA SIZE       =   ----    ----
   BIT SIZE         =   ----    ----
END OF MODULE INFORMATION.


C51 COMPILATION COMPLETE.  0 WARNING(S),  0 ERROR(S)
