C51 COMPILER V9.54   PROJECT                                                               02/12/2022 17:37:50 PAGE 1   


C51 COMPILER V9.54, COMPILATION OF MODULE PROJECT
OBJECT MODULE PLACED IN .\Objects\project.obj
COMPILER INVOKED BY: D:\Keil5\C51\BIN\C51.EXE project.c OPTIMIZE(8,SPEED) BROWSE DEBUG OBJECTEXTEND PRINT(.\Listings\pro
                    -ject.lst) OBJECT(.\Objects\project.obj)

line level    source

   1          /** PWM 定频调宽 用两个按键控制LED灯的亮度**/
   2          #include <reg52.h>
   3          #include <intrins.h>
   4          
   5          typedef unsigned int uint;
   6          typedef unsigned char uchar;
   7          
   8          sfr P4 = 0xe8;
   9          //位定义
  10          sbit S2 = P3^0;
  11          sbit S3 = P3^1;
  12          
  13          sbit DOUT = P2^5;
  14          sbit CS = P3^7; //片选信号。
  15          sbit DIN = P2^0;
  16          sbit DCLK = P2^1;
  17          sbit DA_DATA = P4^4;
  18          
  19          uchar DA_VAL = 80;  //0-255取值，控制PWM的占空比。80是能让LED点亮的最小值
  20          //DA_VAL / 255 * 5V = voltage
  21          uchar pwmCnt = 0; //到255之后溢出置0，用于定时器0中断函数
  22          
  23          void delay(uint n){
  24   1              uint i,j;
  25   1              for(i=0;i<n;i++)
  26   1                      for(j=0;j<114;j++);
  27   1      }
  28          
  29          void timer0Init(){
  30   1              EA = 1;
  31   1              ET0 = 1;
  32   1              TMOD = 0x01;
  33   1              TL0 = 0xdc;  //100hz
  34   1              TH0 = 0xff;
  35   1              TR0 = 1;
  36   1      }
  37          
  38          void pwmGenerate() interrupt 1{
  39   1              pwmCnt++;
  40   1              if(pwmCnt<=DA_VAL){
  41   2                      DA_DATA = 1; //一个周期内为高电平的情况。DA_VAL控制宽度
  42   2              }       
  43   1              else{
  44   2                      DA_DATA = 0;
  45   2              }
  46   1              TL0 = 0xdc;
  47   1              TH0 = 0xff; //执行36次之后就会溢出。 100hz左右
  48   1      }       
  49          
  50          void main(){
  51   1              timer0Init();
  52   1              while(1){ //按s2减少led亮度，按s3增加亮度。
  53   2                      if(0 == S2){
  54   3                              delay(10);
C51 COMPILER V9.54   PROJECT                                                               02/12/2022 17:37:50 PAGE 2   

  55   3                              //防抖
  56   3                              if((0 == S2) && DA_VAL > 80){
  57   4                                      DA_VAL--;
  58   4                                      pwmCnt = 0;
  59   4                                      TL0 = 0xdc;
  60   4                                      TH0 = 0xff;
  61   4                              }
  62   3                              //while(!S2); 取消松手检测，按着会一直调整亮度。
  63   3                      }
  64   2                      if(0 == S3){
  65   3                              delay(10);
  66   3                              //防抖
  67   3                              if((0 == S3) && DA_VAL < 255){
  68   4                                      DA_VAL++;       
  69   4                                      pwmCnt = 0;
  70   4                                      TL0 = 0xdc;
  71   4                                      TH0 = 0xff;
  72   4                              }
  73   3                              //while(!S3);
  74   3                      }
  75   2              }
  76   1      }       


MODULE INFORMATION:   STATIC OVERLAYABLE
   CODE SIZE        =    145    ----
   CONSTANT SIZE    =   ----    ----
   XDATA SIZE       =   ----    ----
   PDATA SIZE       =   ----    ----
   DATA SIZE        =      2    ----
   IDATA SIZE       =   ----    ----
   BIT SIZE         =   ----    ----
END OF MODULE INFORMATION.


C51 COMPILATION COMPLETE.  0 WARNING(S),  0 ERROR(S)
