C51 COMPILER V9.54   PROJECT                                                               01/24/2022 22:48:07 PAGE 1   


C51 COMPILER V9.54, COMPILATION OF MODULE PROJECT
OBJECT MODULE PLACED IN .\Objects\project.obj
COMPILER INVOKED BY: D:\Keil5\C51\BIN\C51.EXE project.c OPTIMIZE(8,SPEED) BROWSE DEBUG OBJECTEXTEND PRINT(.\Listings\pro
                    -ject.lst) OBJECT(.\Objects\project.obj)

line level    source

   1          /**
   2          *@brief
   3          * 外部中断程序.使用外部中断1进行验证
   4          ***/
   5          #include<reg52.h>
   6          
   7          typedef unsigned int uint;
   8          typedef unsigned char uchar;
   9          
  10          sbit key = P3^0;
  11          sbit flag = P3^3;
  12          sbit beep = P2^3;
  13          
  14          void delay(uint n){
  15   1              uint i,j;
  16   1              for(i=0;i<n;i++){
  17   2                      for(j=0;j<114;j++);
  18   2              }
  19   1      }
  20          
  21          void int1() interrupt 2{
  22   1              //interrupt 2 对应外部中断1
  23   1              beep = 0;
  24   1              while(!key);
  25   1              beep = 1;
  26   1      }
  27          
  28          void int1init(){
  29   1              EA = 1;
  30   1              EX1 = 1;
  31   1              IT1 = 0; //0则是低电平触发
  32   1      }
  33          
  34          void main(){
  35   1              int1init();
  36   1              while(1)
  37   1              {       
  38   2                      flag = 1;
  39   2                      if(key==0){
  40   3                              delay(20);
  41   3                              if(key==0){
  42   4                                      flag = 0;
  43   4                              }               
  44   3                      }
  45   2              }
  46   1      }


MODULE INFORMATION:   STATIC OVERLAYABLE
   CODE SIZE        =     69    ----
   CONSTANT SIZE    =   ----    ----
   XDATA SIZE       =   ----    ----
   PDATA SIZE       =   ----    ----
   DATA SIZE        =   ----    ----
C51 COMPILER V9.54   PROJECT                                                               01/24/2022 22:48:07 PAGE 2   

   IDATA SIZE       =   ----    ----
   BIT SIZE         =   ----    ----
END OF MODULE INFORMATION.


C51 COMPILATION COMPLETE.  0 WARNING(S),  0 ERROR(S)
