C51 COMPILER V9.54   PROJECT_2                                                             01/07/2022 20:09:28 PAGE 1   


C51 COMPILER V9.54, COMPILATION OF MODULE PROJECT_2
OBJECT MODULE PLACED IN .\Objects\project_2.obj
COMPILER INVOKED BY: D:\Keil5\C51\BIN\C51.EXE project_2.c OPTIMIZE(8,SPEED) BROWSE DEBUG OBJECTEXTEND PRINT(.\Listings\p
                    -roject_2.lst) OBJECT(.\Objects\project_2.obj)

line level    source

   1          /*
   2          *流水灯、蜂鸣器
   3          *01/07
   4          */
   5          #include <reg52.h>
   6          #include <intrins.h> //_crol_ 字符型循环左移 cror 循环右移
   7          
   8          typedef unsigned int uint;
   9          typedef unsigned char uchar;
  10          sbit beep = P2^3; //蜂鸣器
  11          
  12          void delay(uint n){ //延时函数,软件延时
  13   1              uint i,j;
  14   1              for(i=0;i<n;i++)
  15   1              {
  16   2              for(j=0;j<114;j++);
  17   2              }
  18   1      }
  19          
  20          void main(){
  21   1              uint i;
  22   1              //流水灯来回亮的功能
  23   1              while(1)
  24   1              {
  25   2                      delay(100);
  26   2                      for(i=0;i<8;i++)
  27   2                      {
  28   3                              beep = ~beep;
  29   3                              P1 = ~(0x01<<i);  //每次左移一位
  30   3                              delay(200);
  31   3                      }
  32   2                      delay(2000);
  33   2              //反方向点亮
  34   2                      for(i=0;i<8;i++){
  35   3                              beep = ~beep;
  36   3                              P1 = ~(0x80>>i); //每次循环右移一位
  37   3                              delay(200);
  38   3                      }
  39   2                      //亮了一个来回之后响一下蜂鸣器
  40   2              }
  41   1      }


MODULE INFORMATION:   STATIC OVERLAYABLE
   CODE SIZE        =    120    ----
   CONSTANT SIZE    =   ----    ----
   XDATA SIZE       =   ----    ----
   PDATA SIZE       =   ----    ----
   DATA SIZE        =   ----    ----
   IDATA SIZE       =   ----    ----
   BIT SIZE         =   ----    ----
END OF MODULE INFORMATION.


C51 COMPILATION COMPLETE.  0 WARNING(S),  0 ERROR(S)
