C51 COMPILER V9.54   PROJECT                                                               04/12/2022 20:49:00 PAGE 1   


C51 COMPILER V9.54, COMPILATION OF MODULE PROJECT
OBJECT MODULE PLACED IN .\Objects\project.obj
COMPILER INVOKED BY: D:\Keil5\C51\BIN\C51.EXE project.c OPTIMIZE(8,SPEED) BROWSE DEBUG OBJECTEXTEND PRINT(.\Listings\pro
                    -ject.lst) OBJECT(.\Objects\project.obj)

line level    source

   1          #include <reg52.h>
   2          /*PWM 控制直流电机 调速*/
   3          
   4          sbit S2=P3^0;   //      按下独立键盘S2正转
   5          sbit S3=P3^1;   //      按下独立键盘S3反转
   6          sbit S4=P3^2;   //      按下独立键盘S4 减速
   7          sbit S5=P3^3;   // 加速
   8          
   9          sbit AIN = P1^0;
  10          sbit BIN = P1^1;
  11          typedef unsigned char uchar;
  12          typedef unsigned int uint;
  13          
  14          enum STATES {S,N};
  15          enum STATES NOW_STATES = S; //默认顺时针。
  16          uchar pwm_length = 120; //该变量控制在0-170  (低电平 0 - pwm_length,高电平pwm_length-255
  17          uchar pwm = 0;
  18          
  19          void timerInit(){
  20   1              //定时器0初始化，负责PWM 调节速度。
  21   1              EA = 1;
  22   1              TMOD = 0x02;  //八位重装模式。
  23   1              TH0 = TL0 = 220;  //11.0592MHZ下，累加到256溢出，频率为100HZ。(256 - 220) * 1.085 * 255 * 0.001 * 0x001 (
             -单位：s)
  24   1              TR0 = 1;
  25   1              ET0 = 1;
  26   1      }
  27          
  28          void pwmGenerate() interrupt 1{
  29   1              pwm++;
  30   1              if(pwm == 255)
  31   1              {
  32   2                      AIN = 1;
  33   2                      BIN = 1;
  34   2              }
  35   1              if(pwm_length == pwm){
  36   2                      switch(NOW_STATES){
  37   3                              case S:AIN = 1;BIN = 0;break; //即AIN输出低电平。
  38   3                              case N:AIN = 0;BIN = 1;break;
  39   3                      }
  40   2              }
  41   1      }
  42          
  43          void delay(unsigned int z)//毫秒级延时
  44          {
  45   1              unsigned int x,y;
  46   1              for(x = z; x > 0; x--)
  47   1                      for(y = 114; y > 0 ; y--);
  48   1      }
  49          
  50          int main(){
  51   1              timerInit();
  52   1              while(1){
  53   2                      if(!S2){
C51 COMPILER V9.54   PROJECT                                                               04/12/2022 20:49:00 PAGE 2   

  54   3                              delay(5);
  55   3                              if(!S2){
  56   4                                      if(NOW_STATES != S)
  57   4                                              NOW_STATES = S;
  58   4                              }
  59   3                              while(!S2);
  60   3                      }
  61   2                      if(!S3){
  62   3                              delay(5);
  63   3                              if(!S3){
  64   4                                      if(NOW_STATES != N)
  65   4                                              NOW_STATES = N;
  66   4                              }
  67   3                              while(!S3);
  68   3                      }
  69   2                      if(!S4){
  70   3                              delay(5);
  71   3                              if(!S4){ //S4 减慢。（输出高电平的时间减短--高电平对于输出到电机为低电平。）
  72   4                                      if(pwm_length < 170)
  73   4                                              pwm_length++;
  74   4                              }
  75   3                      }
  76   2                      if(!S5){
  77   3                              delay(5);
  78   3                              if(!S5){
  79   4                                      if(pwm_length > 0)
  80   4                                              pwm_length--;
  81   4                              }
  82   3                      }
  83   2              }
  84   1      }


MODULE INFORMATION:   STATIC OVERLAYABLE
   CODE SIZE        =    174    ----
   CONSTANT SIZE    =   ----    ----
   XDATA SIZE       =   ----    ----
   PDATA SIZE       =   ----    ----
   DATA SIZE        =      3    ----
   IDATA SIZE       =   ----    ----
   BIT SIZE         =   ----    ----
END OF MODULE INFORMATION.


C51 COMPILATION COMPLETE.  0 WARNING(S),  0 ERROR(S)
