C51 COMPILER V9.54   PROJECT                                                               03/27/2022 22:12:25 PAGE 1   


C51 COMPILER V9.54, COMPILATION OF MODULE PROJECT
OBJECT MODULE PLACED IN .\Objects\project.obj
COMPILER INVOKED BY: D:\Keil5\C51\BIN\C51.EXE project.c OPTIMIZE(8,SPEED) BROWSE DEBUG OBJECTEXTEND PRINT(.\Listings\pro
                    -ject.lst) OBJECT(.\Objects\project.obj)

line level    source

   1          #include <reg52.h>
   2          
   3          typedef unsigned char uchar;
   4          typedef unsigned int uint;
   5          
   6          sbit RS = P3^5; //数据，命令端
   7          sbit RW = P3^6; //读，写
   8          sbit EN = P3^4; //使能端
   9          
  10          //判断液晶屏是否空闲
  11          void readStates(){
  12   1              uchar flag = 0;
  13   1              P0 = 0xff; //把P0寄存器（即D0-D7）拉高。
  14   1              RS = 0;  //指令选择
  15   1              RW = 1;  //读选择
  16   1              do{
  17   2                      EN = 1;  //使能
  18   2                      flag = P0;  //把数据口赋值给flag，判断flag第八位(D7)是否为0，为0则空闲退出循环。
  19   2                      EN = 0;
  20   2              }while(flag & 0x80);
  21   1      }
  22          
  23          void writeCmd(uchar cmd){
  24   1              //每次发出指令前判断器件是否空闲
  25   1              readStates();
  26   1              RS = 0;
  27   1              RW = 0;
  28   1              P0 = cmd;
  29   1              EN = 1;
  30   1              EN = 0;//指令发送完之后拉低。两次使能信号改变语句之间间隔在时序规定的最大值之内
  31   1      }       
  32          
  33          void writeData(uchar dat){
  34   1              readStates();
  35   1              RS = 1;  //选择数据
  36   1              RW = 0;  //写
  37   1              P0 = dat; 
  38   1              EN = 1;
  39   1              EN = 0;//使能保持150ns
  40   1      }
  41          
  42          void delay(uint n){
  43   1              uint i,j;
  44   1              for(i = 0;i<n;i++)
  45   1                      for(j = 0;j<114;j++);
  46   1      }       
  47          int main(){
  48   1              uint i = 0,j = 0;
  49   1              //设置显示指令。
  50   1              writeCmd(0x38); 
  51   1              writeCmd(0x0c);
  52   1              //开显示指令
  53   1              writeCmd(0x01); //清屏指令
  54   1              //数据指针设置
C51 COMPILER V9.54   PROJECT                                                               03/27/2022 22:12:25 PAGE 2   

  55   1              while(1){
  56   2                      //写一个字符后指针往后+1.
  57   2                      writeCmd(0x06);
  58   2                      writeCmd(0x80 | i); //从第一行最左侧开始移动。
  59   2                      writeData('b');
  60   2                      writeData('i');
  61   2                      writeData('g');
  62   2                      writeData('D');
  63   2                      writeData('r');
  64   2                      writeData('e');
  65   2                      writeData('a');
  66   2                      writeData('m');
  67   2                      writeData('e');
  68   2                      writeData('r');
  69   2                      delay(300);
  70   2                      writeCmd(0x80 | 0x40 | (15 - j)); //从第二行最右侧往左移动。
  71   2                      writeData('W');
  72   2                      writeData('C');
  73   2                      writeData('Z');
  74   2                      delay(300);
  75   2                      writeCmd(0x01); //清屏指令。
  76   2                      i++;
  77   2                      j++;
  78   2                      if(i == 16)
  79   2                              i = 0; //向右移动显示bigDreamer.
  80   2                      if(j == 16)
  81   2                              j = 0; //显示WCZ
  82   2              }
  83   1              return 0;
  84   1      }
*** WARNING C294 IN LINE 83 OF project.c: unreachable code


MODULE INFORMATION:   STATIC OVERLAYABLE
   CODE SIZE        =    242    ----
   CONSTANT SIZE    =   ----    ----
   XDATA SIZE       =   ----    ----
   PDATA SIZE       =   ----    ----
   DATA SIZE        =   ----       2
   IDATA SIZE       =   ----    ----
   BIT SIZE         =   ----    ----
END OF MODULE INFORMATION.


C51 COMPILATION COMPLETE.  1 WARNING(S),  0 ERROR(S)
