C51 COMPILER V9.54   BUTTON                                                                01/14/2022 20:04:07 PAGE 1   


C51 COMPILER V9.54, COMPILATION OF MODULE BUTTON
OBJECT MODULE PLACED IN .\Objects\button.obj
COMPILER INVOKED BY: D:\Keil5\C51\BIN\C51.EXE button.c OPTIMIZE(8,SPEED) BROWSE DEBUG OBJECTEXTEND PRINT(.\Listings\butt
                    -on.lst) OBJECT(.\Objects\button.obj)

line level    source

   1          #include<reg52.h>
   2          
   3          
   4          sbit WE = P2^7;
   5          sbit DU = P2^6;
   6          
   7          sbit S2 =  P3^0;
   8          sbit BEEP = P2^3;
   9          
  10          void delay(int n){
  11   1              int i,j;
  12   1              for(i=0;i<n;i++){
  13   2                      for(j=0;j<114;j++);
  14   2              }
  15   1      }
  16          
  17          unsigned int word[5] = {0x3f,0x06,0x5b,0x4f,0x66}; //从0-4的数字
  18          int main(){
  19   1              int num1=0;
  20   1      
  21   1              while(1){
  22   2                      P0 = 0xff;
  23   2                      WE = 1;
  24   2                      P0 = 0xfe; //亮第一个数码管
  25   2                      WE = 0;
  26   2                      if(!S2)
  27   2                      {
  28   3                              delay(5); //消抖
  29   3                              num1++; 
  30   3                              if(num1==5)num1=0;
  31   3                              while(!S2); //松手检测
  32   3                      }
  33   2                      DU = 1;
  34   2                      P0 = word[num1]; //显示一个数字                  
  35   2                      DU = 0;
  36   2                      delay(5);
  37   2                      
  38   2              }//一个数码管显示0-4的数字。
  39   1              //用S3控制第二个数码管显示数字 ?怎么做
  40   1              return 0;
  41   1      }
*** WARNING C294 IN LINE 40 OF button.c: unreachable code


MODULE INFORMATION:   STATIC OVERLAYABLE
   CODE SIZE        =    102    ----
   CONSTANT SIZE    =   ----    ----
   XDATA SIZE       =   ----    ----
   PDATA SIZE       =   ----    ----
   DATA SIZE        =     10    ----
   IDATA SIZE       =   ----    ----
   BIT SIZE         =   ----    ----
END OF MODULE INFORMATION.


C51 COMPILATION COMPLETE.  1 WARNING(S),  0 ERROR(S)
