C51 COMPILER V9.54   PROJECT                                                               02/12/2022 13:34:24 PAGE 1   


C51 COMPILER V9.54, COMPILATION OF MODULE PROJECT
OBJECT MODULE PLACED IN .\Objects\project.obj
COMPILER INVOKED BY: D:\Keil5\C51\BIN\C51.EXE project.c OPTIMIZE(8,SPEED) BROWSE DEBUG OBJECTEXTEND PRINT(.\Listings\pro
                    -ject.lst) OBJECT(.\Objects\project.obj)

line level    source

   1          /** 从P4.4口发出方波，经过放大后输入AIN3口。在数码管上显示这个电压值
   2          **/
   3          #include <reg52.h>
   4          #include <intrins.h> //为_nop_函数提供原型
   5          #define AIN3 0xe4
   6          
   7          typedef unsigned int uint;
   8          typedef unsigned char uchar;
   9          
  10          sfr P4 = 0xe8; //P4寄存器没有在reg52中定义
  11          //位定义
  12          sbit PWM_DATA = P4^4; //输出方波进行放大.从DOUT中输出。
  13          sbit CS = P3^7;
  14          sbit DCLK = P2^1;
  15          sbit DIN = P2^0;
  16          sbit DOUT = P2^5;
  17          
  18          sbit WE = P2^7;
  19          sbit DU = P2^6;
  20          
  21          uchar code ch[10] = {0x3f,0x06,0x5b,0x4f,0x66,0x6d,0x7d,0x07,0x7f,0x6f};
  22          uchar code pos[4] = {0xfe, 0xfd, 0xfb,0xf7};
  23          uint wei = 0;
  24          uchar pwmCnt = 0;
  25          uchar DA_VAL = 0;  //设定pwm占空比。0-255内取值。
  26          
  27          void delay(uint n){
  28   1              uint i,j;
  29   1              for(i=0;i<n;i++)
  30   1                      for(j=0;j<114;j++);
  31   1      }
  32          
  33          void timer0Init(){
  34   1              EA = 1; //总中断控制
  35   1              ET0 = 1; //定时器0中断
  36   1              TMOD = 0x02; //八位自动重装
  37   1              TL0 = 220;
  38   1              TH0 = 220; // 100hz,每次溢出产生的中断让pwm保持一个高电平或输出低电平总共
  39   1              // (256 - 220) * 256 * 1.085us 为一个pwm周期。
  40   1              TR0 = 1; //定时器打开。
  41   1      }
  42          
  43          void pwmGenerate() interrupt 1{
  44   1              if(pwmCnt<=DA_VAL){
  45   2                      PWM_DATA = 1;
  46   2              }       
  47   1              else{
  48   2                      PWM_DATA = 0;
  49   2              }
  50   1              pwmCnt++; //溢出自动为0
  51   1      }       
  52          
  53          //SPI通信发送控制指令。
  54          void spiSend(uchar cmd){
C51 COMPILER V9.54   PROJECT                                                               02/12/2022 13:34:24 PAGE 2   

  55   1              uint i;
  56   1              for(i=0;i<8;i++){
  57   2                      DCLK = 0;
  58   2                      if(cmd & 0x80){
  59   3                              DIN = 1;
  60   3                      }
  61   2                      else{
  62   3                              DIN = 0;
  63   3                      }
  64   2                      DCLK = 1;
  65   2                      cmd <<= 1;
  66   2              }       
  67   1      }
  68          //从SPI总线上接收数据。
  69          uint spiGet(){
  70   1              uint i;
  71   1              uint dat = 0;
  72   1              for(i=0;i<12;i++){
  73   2                      dat <<= 1;
  74   2                      DCLK = 1;
  75   2                      DCLK = 0; //下降沿之后读取DOUT上一位数据
  76   2                      if(DOUT)
  77   2                              dat |= 0x01;
  78   2              }       
  79   1              return dat;
  80   1      }
  81          
  82          void display(uint i)
  83          {
  84   1              uchar qian, bai, shi, ge;
  85   1              static uchar wei;
  86   1              qian = i / 1000;
  87   1              bai = i % 1000 / 100;
  88   1              shi = i % 100 / 10;
  89   1              ge = i % 10;
  90   1              
  91   1              P0 = 0XFF;
  92   1              WE = 1;
  93   1              P0 = pos[wei];
  94   1              WE = 0;
  95   1              P0 = 0XFF;
  96   1              switch(wei)
  97   1              {
  98   2                      case 0: DU = 1; P0 = ch[qian] | 0x80;   DU = 0; break;
  99   2                      case 1: DU = 1; P0 = ch[bai];   DU = 0; break;  
 100   2                      case 2: DU = 1; P0 = ch[shi];   DU = 0; break;
 101   2                      case 3: DU = 1; P0 = ch[ge];    DU = 0; break;          
 102   2              }
 103   1              wei++;
 104   1              if(wei == 4)
 105   1                      wei = 0;
 106   1      }
 107          uint adTrans(uchar cmd){
 108   1              uint dat;
 109   1              CS = 0; //片选信号置0
 110   1              spiSend(cmd);
 111   1              //发送完控制指令后置DCLK为0
 112   1              DCLK = 0;
 113   1              _nop_();
 114   1              _nop_();
 115   1              _nop_();
 116   1              _nop_();
C51 COMPILER V9.54   PROJECT                                                               02/12/2022 13:34:24 PAGE 3   

 117   1              _nop_();
 118   1              dat = spiGet();
 119   1              CS = 1;
 120   1              return dat;
 121   1      }       
 122          int main()
 123          {
 124   1              uint msCnt;
 125   1              uint value;
 126   1              DA_VAL = 255; //5v电压
 127   1              timer0Init();
 128   1              while(1){
 129   2                      if(1000 <= msCnt){
 130   3                              msCnt = 0;
 131   3                              EA = 0; //关闭中断，防止定时器中断产生的PWM干扰后面读取DOUT数据。
 132   3                              value = adTrans(AIN3);
 133   3                              value = value * 1.22;
 134   3                              EA = 1;
 135   3                      }       
 136   2              
 137   2              msCnt++;
 138   2              display(value);
 139   2              delay(1);
 140   2              }
 141   1              return 0;
 142   1      }       
*** WARNING C294 IN LINE 141 OF project.c: unreachable code


MODULE INFORMATION:   STATIC OVERLAYABLE
   CODE SIZE        =    407    ----
   CONSTANT SIZE    =     14    ----
   XDATA SIZE       =   ----    ----
   PDATA SIZE       =   ----    ----
   DATA SIZE        =      5       7
   IDATA SIZE       =   ----    ----
   BIT SIZE         =   ----    ----
END OF MODULE INFORMATION.


C51 COMPILATION COMPLETE.  1 WARNING(S),  0 ERROR(S)
