C51 COMPILER V9.54   PROJECT                                                               02/14/2022 21:17:59 PAGE 1   


C51 COMPILER V9.54, COMPILATION OF MODULE PROJECT
OBJECT MODULE PLACED IN .\Objects\project.obj
COMPILER INVOKED BY: D:\Keil5\C51\BIN\C51.EXE project.c OPTIMIZE(8,SPEED) BROWSE DEBUG OBJECTEXTEND PRINT(.\Listings\pro
                    -ject.lst) OBJECT(.\Objects\project.obj)

line level    source

   1          #include <reg52.h>
   2          #include <intrins.h>
   3          
   4          typedef unsigned char uchar;
   5          typedef unsigned int uint;
   6          //将蜂鸣器IO口接在单片机3.0口上。
   7          sbit musicBeep = P3^0;
   8          //储存低音6到高音615个音符的高位，低位值，用于定时器的设定                                                
             -                
   9          uchar code musicNotesH[15] = {0xF7,0xf8,0xf9,0xf9,0xfa
  10          ,0xfa,0xfb,0xfb,0xfc,0xfc,0xfc,0xfd,0xfd,0xfd,0xfd};  
  11          uchar code musicNotesL[15] = {0xDB,0xbe,0x22,0xe1,0x8c,0xdc,0x6c,0xec,
  12                  0x5e,0x93,0xf2,0x47,0x6e,0xb6,0xf6};  
  13          
  14          //计算公式: cnt = (1/hz)*10e6 /2 / CLOCK
  15          // h = (65536 - cnt)/256.l为取模 256
  16          uchar musicNextH = 0;
  17          uchar musicNextL = 0; //赋值给TH0和TL0。
  18          //每首歌之间的延时。
  19          void delay(uint n){
  20   1              uint i,j;
  21   1              for(i=0;i<n;i++)
  22   1                      for(j=0;j<114;j++);
  23   1      }
  24          //播放每个音符。
  25          void notesplay(uint n){
  26   1              uint i,j;
  27   1              TR0 = 1; 
  28   1              for(i = 0 ;i<n;i++)
  29   1                      for(j=0;j<4000;j++);
  30   1              TR0 = 0;
  31   1      }       
  32          //播放一个休止符,n控制时间，单位0.5个半拍
  33          void notes0play(uint n)
  34          {
  35   1              uint i,j;               
  36   1              for(i = 0 ;i<n;i++)
  37   1                      for(j=0;j<4000;j++);
  38   1      }
  39                  
  40          //定时器中断初始化
  41          void timer0Init(){
  42   1              EA = 1;
  43   1              ET0 = 1;
  44   1              TMOD = 0x01;
  45   1      }       
  46          
  47          void beepVoice() interrupt 1{
  48   1              TR0 = 0;
  49   1              musicBeep = !musicBeep;
  50   1              TH0 = musicNextH;
  51   1              TL0 = musicNextL;
  52   1              TR0 = 1;
  53   1      }
C51 COMPILER V9.54   PROJECT                                                               02/14/2022 21:17:59 PAGE 2   

  54          //把音符转换为musicNotesH和L数组的索引
  55          uint getNotesIndex(int note){
  56   1              uint index;
  57   1              if(note == -6 || note == -7){
  58   2                      index = note + 6;
  59   2              }
  60   1              else{
  61   2                      index = note + 1;
  62   2              }
  63   1              return index;
  64   1      }
  65          
  66          void main(){
  67   1              uint i;  //循环变量
  68   1              uint index;
  69   1              uint delay0time = 0;
  70   1              uint code music[] = {12,4, 9,1,9,1, 10,2, 10,2, 12,1, 12,1, 0,1, 10,2,10,2, 9,1, 9,1,10,2, 10,2,12,1, 12,
             -2, 
  71   1      0,1, 9,1, 9,1, 10,2,10,2, 12,1, 12,1, 13,2, 9,1, 9,1, 10,2, 10,1, 10,1, 9,1, 8,1, 8,1,6,1, 6,1, 9,3, 0,4, 
             -0,2, 10,1, 10,1, 
  72   1      9,1, 8,1, 6,1, 6,1, 9,3, 0,4,0,4, 12,4, 9,1, 10,2, 12,1,12,1, 0,1, 10,2, 9,1, 10,2, 
  73   1      12,1,12,1, 0,2, 9,1, 9,1, 10,2, 12,1,12,1, 13,2, 13,2, 9,1,9,1, 10,2, 10,1,10,1, 9,1, 8,1,8,1, 6,1,6,1,
  74   1      9,3, 9,3, 0,4, 0,3, 12,1, 12,1, 10,1, 11,1, 10,1, 9,1, 9,1, 8,3, -1,-1}; //-6 -7 ....- 1 2 3 4567 8--高音1
             -,9 高音2,10,第二个参数是延时时间 
  75   1              timer0Init();
  76   1              TR0 = 0;
  77   1              while(1){
  78   2                      i = 0;
  79   2                      while(music[i] != -1) //用-1表示音乐结束
  80   2                      {
  81   3                              if(music[i] != 0)
  82   3                              {//不是休止符的情况
  83   4                                      index = getNotesIndex(music[i]);
  84   4                                      musicNextL = musicNotesL[index];
  85   4                                      musicNextH = musicNotesH[index];
  86   4                                      notesplay(music[i+1]);
  87   4                              }
  88   3                              else{
  89   4                                      delay0time = music[i+1];
  90   4                              //遇到0即休止符。调用休止符延时函数。
  91   4                                      notes0play(delay0time); //不播放，只延时。
  92   4                              }
  93   3                              i += 2;
  94   3                              delay(200);
  95   3                      }
  96   2                      delay(5000);
  97   2              }
  98   1      }       


MODULE INFORMATION:   STATIC OVERLAYABLE
   CODE SIZE        =    332    ----
   CONSTANT SIZE    =    382    ----
   XDATA SIZE       =   ----    ----
   PDATA SIZE       =   ----    ----
   DATA SIZE        =      2       4
   IDATA SIZE       =   ----    ----
   BIT SIZE         =   ----    ----
END OF MODULE INFORMATION.


C51 COMPILATION COMPLETE.  0 WARNING(S),  0 ERROR(S)
