C51 COMPILER V9.54   PROJECT                                                               03/29/2022 22:11:50 PAGE 1   


C51 COMPILER V9.54, COMPILATION OF MODULE PROJECT
OBJECT MODULE PLACED IN .\Objects\project.obj
COMPILER INVOKED BY: D:\Keil5\C51\BIN\C51.EXE project.c OPTIMIZE(8,SPEED) BROWSE DEBUG OBJECTEXTEND PRINT(.\Listings\pro
                    -ject.lst) OBJECT(.\Objects\project.obj)

line level    source

   1          /*算式显示，按键输入*/
   2          #include <reg52.h>
   3          #include <stdlib.h>
   4          #include <stdio.h>
   5          
   6          typedef unsigned char uchar;
   7          typedef unsigned int uint;
   8          
   9          sbit RS = P3^5; //数据，命令端
  10          sbit RW = P3^6; //读，写
  11          sbit EN = P3^4; //使能端
  12          sbit S2 = P3^0;
  13          sbit S3 = P3^1; //控制光标移动。
  14          sbit S4 = P3^2; //增大数字。
  15          sbit S5 = P3^3; //降低数字。
  16          
  17          uint i;
  18          //将数字的显示（调用stringSend函数放在定时器中断函数内）
  19          uint num = 0;
  20          uint value = 0;
  21          uint y = 12; //数字显示的y轴
  22          uint x = 2;
  23          void writeData(uchar dat);
  24          void writeCmd(uchar cmd);
  25          void setPointer(uint ,uint );
  26          void stringSend(uchar * str);
  27          //flag表示运算符。
  28          uint numar[4] = {0};
  29          uint n1,n2;
  30          uint cnt = 0;
  31          
  32          void timerInit()
  33          {
  34   1              EA= 1;
  35   1              ET0 = 1;//定时器0允许中断
  36   1              TR0 = 1; //定时器启动
  37   1              TMOD = 0x01; //16位模式，使用定时器0
  38   1              TH0 = 0xb7;
  39   1              TL0 = 0xff;   //定时20ms，每20ms检查一下数字并显示。
  40   1              ET1 = 1;
  41   1              TR1 = 1;
  42   1              TMOD |= 0x10;
  43   1              TH1 = 0xed;
  44   1              TL1 = 0xff; //定时器1用于控制答题时间。
  45   1      }       
  46          
  47          void numDisplay() interrupt 1{
  48   1              TH0 = 0xb7;
  49   1              TL0 = 0xff;
  50   1              setPointer(x,y);//在光标指定位置显示一个数字。
  51   1              writeData(' ');
  52   1              setPointer(x,y);
  53   1              writeData('0' + value);
  54   1      }
C51 COMPILER V9.54   PROJECT                                                               03/29/2022 22:11:50 PAGE 2   

  55          
  56          void timer1() interrupt 3{
  57   1              TH1 = 0xed;
  58   1              TL1 = 0xff;
  59   1              cnt++;
  60   1      }
  61          void expGenerate(uchar flag){
  62   1              static int seed0 = 0;
  63   1              uchar exp[20];
  64   1              srand((uint)seed0);
  65   1              seed0++;
  66   1              n1 = rand() % 100;  //0-99
  67   1              n2 = rand() % 100;
  68   1              sprintf(exp,"%d %c %d = ?",n1,flag,n2);
  69   1              stringSend(exp);
  70   1      }
  71          
  72          //判断液晶屏是否空闲
  73          void readStates(){
  74   1              uchar flag = 0;
  75   1              P0 = 0xff; //把P0寄存器（即D0-D7）拉高。
  76   1              RS = 0;  //指令选择
  77   1              RW = 1;  //读选择
  78   1              do{
  79   2                      EN = 1;  //使能
  80   2                      flag = P0;  //把数据口赋值给flag，判断flag第八位(D7)是否为0，为0则空闲退出循环。
  81   2                      EN = 0;
  82   2              }while(flag & 0x80);
  83   1      }
  84          
  85          void writeCmd(uchar cmd){
  86   1              //每次发出指令前判断器件是否空闲
  87   1              readStates();
  88   1              RS = 0;
  89   1              RW = 0;
  90   1              P0 = cmd;
  91   1              EN = 1;
  92   1              EN = 0;//指令发送完之后拉低。两次使能信号改变语句之间间隔在时序规定的最大值之内
  93   1      }       
  94          
  95          void writeData(uchar dat){
  96   1              readStates();
  97   1              RS = 1;  //选择数据
  98   1              RW = 0;  //写
  99   1              P0 = dat; 
 100   1              EN = 1;
 101   1              EN = 0;//使能保持150ns
 102   1      }
 103          
 104          void delay(uint n){
 105   1              uint i,j;
 106   1              for(i = 0;i<n;i++)
 107   1                      for(j = 0;j<114;j++);
 108   1      }
 109          
 110          //字符串的发送
 111          void stringSend(uchar * str){
 112   1              while(*str!='\0'){
 113   2                      writeData(*str++);
 114   2              }
 115   1      }       
 116          
C51 COMPILER V9.54   PROJECT                                                               03/29/2022 22:11:50 PAGE 3   

 117          //数据指针移动函数
 118          void setPointer(uint x,uint y){
 119   1              if(1 == x){
 120   2                      writeCmd(0x80 | y);
 121   2              }
 122   1              else if(2 == x){
 123   2                      writeCmd(0x80 | 0x40 | y);
 124   2              }
 125   1      }
 126          
 127          //LCD初始化
 128          void lcdInit(){
 129   1              writeCmd(0x38);
 130   1              writeCmd(0x0f);
 131   1              writeCmd(0x01); //清屏
 132   1              writeCmd(0x06);
 133   1      }
 134          
 135          void keyScan(){
 136   1              if(!S2){
 137   2                      //S2按下，为低电平
 138   2                      delay(10); //防抖
 139   2                      if(!S2){
 140   3                              if(y>12)
 141   3                                      y--;
 142   3                              setPointer(2,y);
 143   3                              while(!S2);
 144   3                      }
 145   2              }
 146   1              if(!S3){
 147   2                      //S3按下，为低电平
 148   2                      delay(10); //防抖
 149   2                      if(!S3){
 150   3                              if(y<15)
 151   3                                      y++;
 152   3                              setPointer(2,y);
 153   3                              while(!S3);
 154   3                      }
 155   2              }
 156   1              if(!S4){
 157   2                      //S2按下，为低电平
 158   2                      delay(10); //防抖
 159   2                      if(!S4){
 160   3                              if(value < 9)
 161   3                              {       
 162   4                                      value++;
 163   4                                      numar[y - 12] = value;
 164   4                              }
 165   3                              while(!S4);
 166   3                      }
 167   2              }
 168   1              if(!S5){
 169   2                      //S2按下，为低电平
 170   2                      delay(10); //防抖
 171   2                      if(!S5){
 172   3                              if(value > 0){
 173   4                                      value--;
 174   4                                      numar[y - 12] = value;
 175   4                              }
 176   3                              while(!S5);
 177   3                      }
 178   2              }
C51 COMPILER V9.54   PROJECT                                                               03/29/2022 22:11:50 PAGE 4   

 179   1      }
 180          
 181          void clear(){
 182   1              uint i,j;
 183   1              for(i = 0;i<2;i++){
 184   2                      for(j = 0;j<16;j++)
 185   2                      {
 186   3                              setPointer(i+1,j);
 187   3                              writeData(' ');
 188   3                      }
 189   2              }
 190   1              
 191   1      
 192   1      }
 193          int main(){
 194   1              uint answer = 0;
 195   1              lcdInit();
 196   1              timerInit();
 197   1              setPointer(1,0);
 198   1              expGenerate('*');
 199   1              answer = n1 * n2;
 200   1              while(1)
 201   1              {
 202   2                      if(cnt == 3000) //每道题目显示15秒钟。
 203   2                      {
 204   3                              //检查上一题答案。
 205   3                              for(i = 0;i<4;i++)
 206   3                              {
 207   4                                      num = num * 10 + numar[i];
 208   4                              }
 209   3                              //结果反馈。
 210   3                              if(num == answer)
 211   3                                      {
 212   4                                      setPointer(2,0);
 213   4                                      stringSend("RIGHT!");
 214   4                                      }
 215   3                              else
 216   3                                      {
 217   4                                      setPointer(2,0);
 218   4                                      stringSend("WRONG!");
 219   4                                      }
 220   3                              num = 0;
 221   3                              delay(3000);    
 222   3                              clear();
 223   3                              setPointer(1,0);
 224   3                              //答应下一题.
 225   3                              expGenerate('*');
 226   3                              answer = n1 * n2;
 227   3                              value = 0;
 228   3                              cnt = 0;
 229   3                      }
 230   2                      keyScan();
 231   2              }
 232   1              return 0;
 233   1      }       
*** WARNING C294 IN LINE 232 OF project.c: unreachable code


MODULE INFORMATION:   STATIC OVERLAYABLE
   CODE SIZE        =    818    ----
   CONSTANT SIZE    =     27    ----
   XDATA SIZE       =   ----    ----
C51 COMPILER V9.54   PROJECT                                                               03/29/2022 22:11:50 PAGE 5   

   PDATA SIZE       =   ----    ----
   DATA SIZE        =     26      28
   IDATA SIZE       =   ----    ----
   BIT SIZE         =   ----    ----
END OF MODULE INFORMATION.


C51 COMPILATION COMPLETE.  1 WARNING(S),  0 ERROR(S)
