C51 COMPILER V9.54   8X8LED                                                                01/22/2022 11:36:27 PAGE 1   


C51 COMPILER V9.54, COMPILATION OF MODULE 8X8LED
OBJECT MODULE PLACED IN .\Objects\8x8led.obj
COMPILER INVOKED BY: D:\Keil5\C51\BIN\C51.EXE 8x8led.c OPTIMIZE(8,SPEED) BROWSE DEBUG OBJECTEXTEND PRINT(.\Listings\8x8l
                    -ed.lst) OBJECT(.\Objects\8x8led.obj)

line level    source

   1          #include<reg52.h>
   2          
   3          sbit DIO = P3^4; //14脚串行输入端
   4          sbit S_CLK = P3^5; //11脚，提供时钟线
   5          sbit R_CLK = P3^6; //12脚，输出锁存器
   6          
   7          unsigned char COL_table[3][8]={{0xFF,0xBB,0xAA,0xAA,0x3B,0xA1,0xD7,0xFF},{0xFF,0xD3,0x1B,0x9B,0x5B,0x00,0x
             -BD,0xB0},
   8          {0xE7,0xE7,0xFF,0xE7,0xE7,0xE7,0xE7,0xE7}}; //三个字符，分别是你 好 ！
   9          unsigned char ROW_table[3][8]={{0x00,0x40,0x20,0x10,0x08,0x04,0x02,0x00},{0x00,0x40,0x20,0x10,0x08,0x04,0x
             -02,0x01},
  10          {0x80,0x40,0x00,0x10,0x08,0x04,0x02,0x01}}; //行线的数据
  11          
  12          void display(unsigned char word){
  13   1              //该函数传入列、行数据
  14   1              int i;
  15   1              for(i=0;i<8;i++){
  16   2                      S_CLK = 0;
  17   2                      if(word&0x01){
  18   3                              DIO = 1;
  19   3                      }
  20   2                      else{
  21   3                              DIO = 0;
  22   3                      }
  23   2                      S_CLK = 1;
  24   2                      word >>= 1;
  25   2                      //word向右移动一位。
  26   2              }
  27   1      }
  28          
  29          void main(){
  30   1              int i,j,k;
  31   1              while(1){
  32   2                      for(i=0;i<3;i++)
  33   2                      {
  34   3                              for(k=0;k<1000;k++){//把这个字显示1000次。也是有 延时作用
  35   4                                      //如果使用延时函数，则只会显示每个字一行
  36   4                                      //共三个数字动态显示。
  37   4                                      for(j=0;j<8;j++)
  38   4                                      {
  39   5                                                      R_CLK = 0;
  40   5                                              //共八行传入数据
  41   5                                                      display(COL_table[i][j]);//先传入列线的数据
  42   5                                                      display(ROW_table[i][j]);//再传入行线的数据
  43   5                                                      R_CLK = 1; //给12脚一个上升沿，把这一行输出。
  44   5                                      }
  45   4                              }       
  46   3                      }
  47   2              }
  48   1      }


MODULE INFORMATION:   STATIC OVERLAYABLE
   CODE SIZE        =    121    ----
C51 COMPILER V9.54   8X8LED                                                                01/22/2022 11:36:27 PAGE 2   

   CONSTANT SIZE    =   ----    ----
   XDATA SIZE       =   ----    ----
   PDATA SIZE       =   ----    ----
   DATA SIZE        =     48       2
   IDATA SIZE       =   ----    ----
   BIT SIZE         =   ----    ----
END OF MODULE INFORMATION.


C51 COMPILATION COMPLETE.  0 WARNING(S),  0 ERROR(S)
