C51 COMPILER V9.54   LED_PROJECT                                                           01/06/2022 19:37:31 PAGE 1   


C51 COMPILER V9.54, COMPILATION OF MODULE LED_PROJECT
OBJECT MODULE PLACED IN .\Objects\led_project.obj
COMPILER INVOKED BY: D:\Keil5\C51\BIN\C51.EXE led_project.c OPTIMIZE(8,SPEED) BROWSE DEBUG OBJECTEXTEND PRINT(.\Listings
                    -\led_project.lst) OBJECT(.\Objects\led_project.obj)

line level    source

   1          /*
   2          *单片机IO口位定义
   3          *led的点亮
   4          *led闪烁
   5          *流水灯
   6          */
   7          
   8          #include <reg52.h>
   9          
  10          sbit led0= P1^0;
  11          sbit led1=P1^1;
  12          sbit led2=P1^2;
  13          sbit led3 =P1^3;
  14          sbit led4=P1^4;
  15          sbit led5 = P1^5;
  16          sbit led6 = P1^6;
  17          sbit led7= P1^7;//定义IO口
  18          int i;
  19          void delay(int n)
  20          {
  21   1              int i;
  22   1              int j;
  23   1              for(i=0;i<n;i++){for(j=0;j<100;j++);}
  24   1      } //延迟函数
  25          
  26          void main(){
  27   1              /*while(1){
  28   1              led2=1;
  29   1              led=0;
  30   1              delay(300);
  31   1              led2=0;
  32   1              led = 1;
  33   1              delay(300);
  34   1              } led闪烁*/
  35   1              while(1){
  36   2                      P1=0x01;
  37   2              for(i=0;i<8;i++){
  38   3              P1 = P1*2;
  39   3              delay(600);
  40   3              }       
  41   2              delay(100);
  42   2              }
  43   1      }


MODULE INFORMATION:   STATIC OVERLAYABLE
   CODE SIZE        =     87    ----
   CONSTANT SIZE    =   ----    ----
   XDATA SIZE       =   ----    ----
   PDATA SIZE       =   ----    ----
   DATA SIZE        =      2    ----
   IDATA SIZE       =   ----    ----
   BIT SIZE         =   ----    ----
END OF MODULE INFORMATION.

C51 COMPILER V9.54   LED_PROJECT                                                           01/06/2022 19:37:31 PAGE 2   


C51 COMPILATION COMPLETE.  0 WARNING(S),  0 ERROR(S)
